18/07/03 12:59:36 WARN NativeCodeLoader: Unable to load native-hadoop library for your platform... using builtin-java classes where applicable
18/07/03 12:59:36 INFO SparkContext: Running Spark version 2.3.0
18/07/03 12:59:36 INFO SparkContext: Submitted application: sparklyr
18/07/03 12:59:36 INFO SecurityManager: Changing view acls to: douglas
18/07/03 12:59:36 INFO SecurityManager: Changing modify acls to: douglas
18/07/03 12:59:36 INFO SecurityManager: Changing view acls groups to: 
18/07/03 12:59:36 INFO SecurityManager: Changing modify acls groups to: 
18/07/03 12:59:36 INFO SecurityManager: SecurityManager: authentication disabled; ui acls disabled; users  with view permissions: Set(douglas); groups with view permissions: Set(); users  with modify permissions: Set(douglas); groups with modify permissions: Set()
18/07/03 12:59:36 INFO Utils: Successfully started service 'sparkDriver' on port 43869.
18/07/03 12:59:36 INFO SparkEnv: Registering MapOutputTracker
18/07/03 12:59:36 INFO SparkEnv: Registering BlockManagerMaster
18/07/03 12:59:36 INFO BlockManagerMasterEndpoint: Using org.apache.spark.storage.DefaultTopologyMapper for getting topology information
18/07/03 12:59:36 INFO BlockManagerMasterEndpoint: BlockManagerMasterEndpoint up
18/07/03 12:59:36 INFO DiskBlockManager: Created local directory at /tmp/blockmgr-c5314ad5-195f-49a2-a370-d23f9916ffe9
18/07/03 12:59:36 INFO MemoryStore: MemoryStore started with capacity 366.3 MB
18/07/03 12:59:36 INFO SparkEnv: Registering OutputCommitCoordinator
18/07/03 12:59:37 INFO Utils: Successfully started service 'SparkUI' on port 4040.
18/07/03 12:59:37 INFO SparkUI: Bound SparkUI to 127.0.0.1, and started at http://localhost:4040
18/07/03 12:59:37 INFO SparkContext: Added JAR file:/home/douglas/R/x86_64-pc-linux-gnu-library/3.4/sparklyr/java/sparklyr-2.3-2.11.jar at spark://localhost:43869/jars/sparklyr-2.3-2.11.jar with timestamp 1530633577239
18/07/03 12:59:37 INFO Executor: Starting executor ID driver on host localhost
18/07/03 12:59:37 INFO Utils: Successfully started service 'org.apache.spark.network.netty.NettyBlockTransferService' on port 42051.
18/07/03 12:59:37 INFO NettyBlockTransferService: Server created on localhost:42051
18/07/03 12:59:37 INFO BlockManager: Using org.apache.spark.storage.RandomBlockReplicationPolicy for block replication policy
18/07/03 12:59:37 INFO BlockManagerMaster: Registering BlockManager BlockManagerId(driver, localhost, 42051, None)
18/07/03 12:59:37 INFO BlockManagerMasterEndpoint: Registering block manager localhost:42051 with 366.3 MB RAM, BlockManagerId(driver, localhost, 42051, None)
18/07/03 12:59:37 INFO BlockManagerMaster: Registered BlockManager BlockManagerId(driver, localhost, 42051, None)
18/07/03 12:59:37 INFO BlockManager: Initialized BlockManager: BlockManagerId(driver, localhost, 42051, None)
18/07/03 12:59:37 WARN SparkContext: Using an existing SparkContext; some configuration may not take effect.
18/07/03 12:59:37 INFO SharedState: loading hive config file: file:/home/douglas/spark/spark-2.3.0-bin-hadoop2.7/conf/hive-site.xml
18/07/03 12:59:37 INFO SharedState: Setting hive.metastore.warehouse.dir ('null') to the value of spark.sql.warehouse.dir ('file:/home/douglas/Documents/git/github/stats4good/paginas/projetos/gesem/spark-warehouse').
18/07/03 12:59:37 INFO SharedState: Warehouse path is 'file:/home/douglas/Documents/git/github/stats4good/paginas/projetos/gesem/spark-warehouse'.
18/07/03 12:59:38 INFO StateStoreCoordinatorRef: Registered StateStoreCoordinator endpoint
18/07/03 12:59:40 INFO CodeGenerator: Code generated in 196.96535 ms
18/07/03 12:59:40 WARN SparkSession$Builder: Using an existing SparkSession; some configuration may not take effect.
18/07/03 13:00:07 WARN SparkSession$Builder: Using an existing SparkSession; some configuration may not take effect.
18/07/03 13:00:08 INFO SparkContext: Starting job: collect at utils.scala:43
18/07/03 13:00:08 INFO DAGScheduler: Got job 0 (collect at utils.scala:43) with 1 output partitions
18/07/03 13:00:08 INFO DAGScheduler: Final stage: ResultStage 0 (collect at utils.scala:43)
18/07/03 13:00:08 INFO DAGScheduler: Parents of final stage: List()
18/07/03 13:00:08 INFO DAGScheduler: Missing parents: List()
18/07/03 13:00:08 INFO DAGScheduler: Submitting ResultStage 0 (MapPartitionsRDD[4] at map at utils.scala:40), which has no missing parents
18/07/03 13:00:08 INFO MemoryStore: Block broadcast_0 stored as values in memory (estimated size 5.9 KB, free 366.3 MB)
18/07/03 13:00:08 INFO MemoryStore: Block broadcast_0_piece0 stored as bytes in memory (estimated size 3.3 KB, free 366.3 MB)
18/07/03 13:00:08 INFO BlockManagerInfo: Added broadcast_0_piece0 in memory on localhost:42051 (size: 3.3 KB, free: 366.3 MB)
18/07/03 13:00:08 INFO SparkContext: Created broadcast 0 from broadcast at DAGScheduler.scala:1039
18/07/03 13:00:08 INFO DAGScheduler: Submitting 1 missing tasks from ResultStage 0 (MapPartitionsRDD[4] at map at utils.scala:40) (first 15 tasks are for partitions Vector(0))
18/07/03 13:00:08 INFO TaskSchedulerImpl: Adding task set 0.0 with 1 tasks
18/07/03 13:00:08 INFO TaskSetManager: Starting task 0.0 in stage 0.0 (TID 0, localhost, executor driver, partition 0, PROCESS_LOCAL, 7880 bytes)
18/07/03 13:00:08 INFO Executor: Running task 0.0 in stage 0.0 (TID 0)
18/07/03 13:00:08 INFO Executor: Fetching spark://localhost:43869/jars/sparklyr-2.3-2.11.jar with timestamp 1530633577239
18/07/03 13:00:08 INFO TransportClientFactory: Successfully created connection to localhost/127.0.0.1:43869 after 24 ms (0 ms spent in bootstraps)
18/07/03 13:00:08 INFO Utils: Fetching spark://localhost:43869/jars/sparklyr-2.3-2.11.jar to /tmp/spark-cb5d91e4-97f1-42cf-a122-abd6e2d6cc2c/userFiles-48fc8db1-ecb6-4b3b-a7cc-68fe4e335eb6/fetchFileTemp6873762395096385873.tmp
18/07/03 13:00:08 INFO Executor: Adding file:/tmp/spark-cb5d91e4-97f1-42cf-a122-abd6e2d6cc2c/userFiles-48fc8db1-ecb6-4b3b-a7cc-68fe4e335eb6/sparklyr-2.3-2.11.jar to class loader
18/07/03 13:00:08 INFO CodeGenerator: Code generated in 11.104667 ms
18/07/03 13:00:08 INFO Executor: Finished task 0.0 in stage 0.0 (TID 0). 1013 bytes result sent to driver
18/07/03 13:00:08 INFO TaskSetManager: Finished task 0.0 in stage 0.0 (TID 0) in 194 ms on localhost (executor driver) (1/1)
18/07/03 13:00:08 INFO TaskSchedulerImpl: Removed TaskSet 0.0, whose tasks have all completed, from pool 
18/07/03 13:00:08 INFO DAGScheduler: ResultStage 0 (collect at utils.scala:43) finished in 0,340 s
18/07/03 13:00:08 INFO DAGScheduler: Job 0 finished: collect at utils.scala:43, took 0,383788 s
18/07/03 13:00:08 WARN SparkSession$Builder: Using an existing SparkSession; some configuration may not take effect.
18/07/03 13:00:19 WARN SparkSession$Builder: Using an existing SparkSession; some configuration may not take effect.
18/07/03 13:00:19 INFO SparkContext: Starting job: collect at utils.scala:43
18/07/03 13:00:19 INFO DAGScheduler: Got job 1 (collect at utils.scala:43) with 1 output partitions
18/07/03 13:00:19 INFO DAGScheduler: Final stage: ResultStage 1 (collect at utils.scala:43)
18/07/03 13:00:19 INFO DAGScheduler: Parents of final stage: List()
18/07/03 13:00:19 INFO DAGScheduler: Missing parents: List()
18/07/03 13:00:19 INFO DAGScheduler: Submitting ResultStage 1 (MapPartitionsRDD[9] at map at utils.scala:40), which has no missing parents
18/07/03 13:00:19 INFO MemoryStore: Block broadcast_1 stored as values in memory (estimated size 5.9 KB, free 366.3 MB)
18/07/03 13:00:19 INFO MemoryStore: Block broadcast_1_piece0 stored as bytes in memory (estimated size 3.3 KB, free 366.3 MB)
18/07/03 13:00:19 INFO ContextCleaner: Cleaned accumulator 25
18/07/03 13:00:19 INFO ContextCleaner: Cleaned accumulator 24
18/07/03 13:00:19 INFO ContextCleaner: Cleaned accumulator 9
18/07/03 13:00:19 INFO ContextCleaner: Cleaned accumulator 19
18/07/03 13:00:19 INFO ContextCleaner: Cleaned accumulator 11
18/07/03 13:00:19 INFO ContextCleaner: Cleaned accumulator 22
18/07/03 13:00:19 INFO ContextCleaner: Cleaned accumulator 21
18/07/03 13:00:19 INFO ContextCleaner: Cleaned accumulator 2
18/07/03 13:00:19 INFO ContextCleaner: Cleaned accumulator 13
18/07/03 13:00:19 INFO BlockManagerInfo: Added broadcast_1_piece0 in memory on localhost:42051 (size: 3.3 KB, free: 366.3 MB)
18/07/03 13:00:19 INFO SparkContext: Created broadcast 1 from broadcast at DAGScheduler.scala:1039
18/07/03 13:00:19 INFO DAGScheduler: Submitting 1 missing tasks from ResultStage 1 (MapPartitionsRDD[9] at map at utils.scala:40) (first 15 tasks are for partitions Vector(0))
18/07/03 13:00:19 INFO TaskSchedulerImpl: Adding task set 1.0 with 1 tasks
18/07/03 13:00:19 INFO TaskSetManager: Starting task 0.0 in stage 1.0 (TID 1, localhost, executor driver, partition 0, PROCESS_LOCAL, 7880 bytes)
18/07/03 13:00:19 INFO Executor: Running task 0.0 in stage 1.0 (TID 1)
18/07/03 13:00:19 INFO BlockManagerInfo: Removed broadcast_0_piece0 on localhost:42051 in memory (size: 3.3 KB, free: 366.3 MB)
18/07/03 13:00:19 INFO Executor: Finished task 0.0 in stage 1.0 (TID 1). 970 bytes result sent to driver
18/07/03 13:00:19 INFO TaskSetManager: Finished task 0.0 in stage 1.0 (TID 1) in 14 ms on localhost (executor driver) (1/1)
18/07/03 13:00:19 INFO ContextCleaner: Cleaned accumulator 4
18/07/03 13:00:19 INFO ContextCleaner: Cleaned accumulator 8
18/07/03 13:00:19 INFO DAGScheduler: ResultStage 1 (collect at utils.scala:43) finished in 0,051 s
18/07/03 13:00:19 INFO ContextCleaner: Cleaned accumulator 5
18/07/03 13:00:19 INFO ContextCleaner: Cleaned accumulator 14
18/07/03 13:00:19 INFO ContextCleaner: Cleaned accumulator 16
18/07/03 13:00:19 INFO ContextCleaner: Cleaned accumulator 10
18/07/03 13:00:19 INFO TaskSchedulerImpl: Removed TaskSet 1.0, whose tasks have all completed, from pool 
18/07/03 13:00:19 INFO DAGScheduler: Job 1 finished: collect at utils.scala:43, took 0,055325 s
18/07/03 13:00:19 INFO ContextCleaner: Cleaned accumulator 6
18/07/03 13:00:19 INFO ContextCleaner: Cleaned accumulator 3
18/07/03 13:00:19 INFO ContextCleaner: Cleaned accumulator 12
18/07/03 13:00:19 INFO ContextCleaner: Cleaned accumulator 17
18/07/03 13:00:19 INFO ContextCleaner: Cleaned accumulator 1
18/07/03 13:00:19 INFO ContextCleaner: Cleaned accumulator 18
18/07/03 13:00:19 INFO ContextCleaner: Cleaned accumulator 23
18/07/03 13:00:19 INFO ContextCleaner: Cleaned accumulator 7
18/07/03 13:00:19 INFO ContextCleaner: Cleaned accumulator 20
18/07/03 13:00:19 INFO ContextCleaner: Cleaned accumulator 15
18/07/03 13:00:19 WARN SparkSession$Builder: Using an existing SparkSession; some configuration may not take effect.
18/07/03 13:00:52 WARN SparkSession$Builder: Using an existing SparkSession; some configuration may not take effect.
18/07/03 13:00:52 INFO SparkContext: Starting job: collect at utils.scala:43
18/07/03 13:00:52 INFO DAGScheduler: Got job 2 (collect at utils.scala:43) with 1 output partitions
18/07/03 13:00:52 INFO DAGScheduler: Final stage: ResultStage 2 (collect at utils.scala:43)
18/07/03 13:00:52 INFO DAGScheduler: Parents of final stage: List()
18/07/03 13:00:52 INFO DAGScheduler: Missing parents: List()
18/07/03 13:00:52 INFO DAGScheduler: Submitting ResultStage 2 (MapPartitionsRDD[14] at map at utils.scala:40), which has no missing parents
18/07/03 13:00:52 INFO MemoryStore: Block broadcast_2 stored as values in memory (estimated size 5.9 KB, free 366.3 MB)
18/07/03 13:00:52 INFO MemoryStore: Block broadcast_2_piece0 stored as bytes in memory (estimated size 3.3 KB, free 366.3 MB)
18/07/03 13:00:52 INFO BlockManagerInfo: Added broadcast_2_piece0 in memory on localhost:42051 (size: 3.3 KB, free: 366.3 MB)
18/07/03 13:00:52 INFO SparkContext: Created broadcast 2 from broadcast at DAGScheduler.scala:1039
18/07/03 13:00:52 INFO DAGScheduler: Submitting 1 missing tasks from ResultStage 2 (MapPartitionsRDD[14] at map at utils.scala:40) (first 15 tasks are for partitions Vector(0))
18/07/03 13:00:52 INFO TaskSchedulerImpl: Adding task set 2.0 with 1 tasks
18/07/03 13:00:52 INFO TaskSetManager: Starting task 0.0 in stage 2.0 (TID 2, localhost, executor driver, partition 0, PROCESS_LOCAL, 7880 bytes)
18/07/03 13:00:52 INFO Executor: Running task 0.0 in stage 2.0 (TID 2)
18/07/03 13:00:52 INFO Executor: Finished task 0.0 in stage 2.0 (TID 2). 970 bytes result sent to driver
18/07/03 13:00:52 INFO TaskSetManager: Finished task 0.0 in stage 2.0 (TID 2) in 9 ms on localhost (executor driver) (1/1)
18/07/03 13:00:52 INFO DAGScheduler: ResultStage 2 (collect at utils.scala:43) finished in 0,018 s
18/07/03 13:00:52 INFO TaskSchedulerImpl: Removed TaskSet 2.0, whose tasks have all completed, from pool 
18/07/03 13:00:52 INFO DAGScheduler: Job 2 finished: collect at utils.scala:43, took 0,021908 s
18/07/03 13:00:52 WARN SparkSession$Builder: Using an existing SparkSession; some configuration may not take effect.
18/07/03 13:00:52 WARN SparkSession$Builder: Using an existing SparkSession; some configuration may not take effect.
18/07/03 13:00:52 WARN SparkSession$Builder: Using an existing SparkSession; some configuration may not take effect.
18/07/03 13:00:52 INFO CodeGenerator: Code generated in 27.764139 ms
18/07/03 13:00:52 INFO CodeGenerator: Code generated in 13.636828 ms
18/07/03 13:00:52 INFO CodeGenerator: Code generated in 12.641315 ms
18/07/03 13:00:52 INFO SparkContext: Starting job: sql at NativeMethodAccessorImpl.java:0
18/07/03 13:00:52 INFO DAGScheduler: Registering RDD 22 (sql at NativeMethodAccessorImpl.java:0)
18/07/03 13:00:52 INFO DAGScheduler: Got job 3 (sql at NativeMethodAccessorImpl.java:0) with 1 output partitions
18/07/03 13:00:52 INFO DAGScheduler: Final stage: ResultStage 4 (sql at NativeMethodAccessorImpl.java:0)
18/07/03 13:00:52 INFO DAGScheduler: Parents of final stage: List(ShuffleMapStage 3)
18/07/03 13:00:52 INFO DAGScheduler: Missing parents: List(ShuffleMapStage 3)
18/07/03 13:00:52 INFO DAGScheduler: Submitting ShuffleMapStage 3 (MapPartitionsRDD[22] at sql at NativeMethodAccessorImpl.java:0), which has no missing parents
18/07/03 13:00:52 INFO MemoryStore: Block broadcast_3 stored as values in memory (estimated size 21.3 KB, free 366.3 MB)
18/07/03 13:00:52 INFO MemoryStore: Block broadcast_3_piece0 stored as bytes in memory (estimated size 9.0 KB, free 366.3 MB)
18/07/03 13:00:52 INFO BlockManagerInfo: Added broadcast_3_piece0 in memory on localhost:42051 (size: 9.0 KB, free: 366.3 MB)
18/07/03 13:00:52 INFO SparkContext: Created broadcast 3 from broadcast at DAGScheduler.scala:1039
18/07/03 13:00:52 INFO DAGScheduler: Submitting 1 missing tasks from ShuffleMapStage 3 (MapPartitionsRDD[22] at sql at NativeMethodAccessorImpl.java:0) (first 15 tasks are for partitions Vector(0))
18/07/03 13:00:52 INFO TaskSchedulerImpl: Adding task set 3.0 with 1 tasks
18/07/03 13:00:52 INFO TaskSetManager: Starting task 0.0 in stage 3.0 (TID 3, localhost, executor driver, partition 0, PROCESS_LOCAL, 7666 bytes)
18/07/03 13:00:52 INFO Executor: Running task 0.0 in stage 3.0 (TID 3)
18/07/03 13:00:52 INFO JDBCRDD: closed connection
18/07/03 13:00:52 INFO MemoryStore: Block rdd_17_0 stored as values in memory (estimated size 92.2 KB, free 366.2 MB)
18/07/03 13:00:52 INFO BlockManagerInfo: Added rdd_17_0 in memory on localhost:42051 (size: 92.2 KB, free: 366.2 MB)
18/07/03 13:00:52 INFO CodeGenerator: Code generated in 5.106396 ms
18/07/03 13:00:52 INFO CodeGenerator: Code generated in 20.088262 ms
18/07/03 13:00:52 INFO Executor: Finished task 0.0 in stage 3.0 (TID 3). 1871 bytes result sent to driver
18/07/03 13:00:52 INFO TaskSetManager: Finished task 0.0 in stage 3.0 (TID 3) in 342 ms on localhost (executor driver) (1/1)
18/07/03 13:00:52 INFO TaskSchedulerImpl: Removed TaskSet 3.0, whose tasks have all completed, from pool 
18/07/03 13:00:52 INFO DAGScheduler: ShuffleMapStage 3 (sql at NativeMethodAccessorImpl.java:0) finished in 0,378 s
18/07/03 13:00:52 INFO DAGScheduler: looking for newly runnable stages
18/07/03 13:00:52 INFO DAGScheduler: running: Set()
18/07/03 13:00:52 INFO DAGScheduler: waiting: Set(ResultStage 4)
18/07/03 13:00:52 INFO DAGScheduler: failed: Set()
18/07/03 13:00:52 INFO DAGScheduler: Submitting ResultStage 4 (MapPartitionsRDD[25] at sql at NativeMethodAccessorImpl.java:0), which has no missing parents
18/07/03 13:00:52 INFO MemoryStore: Block broadcast_4 stored as values in memory (estimated size 7.3 KB, free 366.2 MB)
18/07/03 13:00:52 INFO MemoryStore: Block broadcast_4_piece0 stored as bytes in memory (estimated size 3.8 KB, free 366.2 MB)
18/07/03 13:00:52 INFO BlockManagerInfo: Added broadcast_4_piece0 in memory on localhost:42051 (size: 3.8 KB, free: 366.2 MB)
18/07/03 13:00:52 INFO SparkContext: Created broadcast 4 from broadcast at DAGScheduler.scala:1039
18/07/03 13:00:52 INFO DAGScheduler: Submitting 1 missing tasks from ResultStage 4 (MapPartitionsRDD[25] at sql at NativeMethodAccessorImpl.java:0) (first 15 tasks are for partitions Vector(0))
18/07/03 13:00:52 INFO TaskSchedulerImpl: Adding task set 4.0 with 1 tasks
18/07/03 13:00:52 INFO TaskSetManager: Starting task 0.0 in stage 4.0 (TID 4, localhost, executor driver, partition 0, NODE_LOCAL, 7754 bytes)
18/07/03 13:00:52 INFO Executor: Running task 0.0 in stage 4.0 (TID 4)
18/07/03 13:00:53 INFO ShuffleBlockFetcherIterator: Getting 1 non-empty blocks out of 1 blocks
18/07/03 13:00:53 INFO ShuffleBlockFetcherIterator: Started 0 remote fetches in 5 ms
18/07/03 13:00:53 INFO Executor: Finished task 0.0 in stage 4.0 (TID 4). 1825 bytes result sent to driver
18/07/03 13:00:53 INFO TaskSetManager: Finished task 0.0 in stage 4.0 (TID 4) in 38 ms on localhost (executor driver) (1/1)
18/07/03 13:00:53 INFO TaskSchedulerImpl: Removed TaskSet 4.0, whose tasks have all completed, from pool 
18/07/03 13:00:53 INFO DAGScheduler: ResultStage 4 (sql at NativeMethodAccessorImpl.java:0) finished in 0,047 s
18/07/03 13:00:53 INFO DAGScheduler: Job 3 finished: sql at NativeMethodAccessorImpl.java:0, took 0,454432 s
18/07/03 13:00:53 WARN SparkSession$Builder: Using an existing SparkSession; some configuration may not take effect.
18/07/03 13:00:53 INFO CodeGenerator: Code generated in 8.221794 ms
18/07/03 13:00:53 INFO SparkContext: Starting job: collect at utils.scala:196
18/07/03 13:00:53 INFO DAGScheduler: Registering RDD 30 (collect at utils.scala:196)
18/07/03 13:00:53 INFO DAGScheduler: Got job 4 (collect at utils.scala:196) with 1 output partitions
18/07/03 13:00:53 INFO DAGScheduler: Final stage: ResultStage 6 (collect at utils.scala:196)
18/07/03 13:00:53 INFO DAGScheduler: Parents of final stage: List(ShuffleMapStage 5)
18/07/03 13:00:53 INFO DAGScheduler: Missing parents: List(ShuffleMapStage 5)
18/07/03 13:00:53 INFO DAGScheduler: Submitting ShuffleMapStage 5 (MapPartitionsRDD[30] at collect at utils.scala:196), which has no missing parents
18/07/03 13:00:53 INFO MemoryStore: Block broadcast_5 stored as values in memory (estimated size 21.3 KB, free 366.1 MB)
18/07/03 13:00:53 INFO MemoryStore: Block broadcast_5_piece0 stored as bytes in memory (estimated size 9.1 KB, free 366.1 MB)
18/07/03 13:00:53 INFO BlockManagerInfo: Added broadcast_5_piece0 in memory on localhost:42051 (size: 9.1 KB, free: 366.2 MB)
18/07/03 13:00:53 INFO SparkContext: Created broadcast 5 from broadcast at DAGScheduler.scala:1039
18/07/03 13:00:53 INFO DAGScheduler: Submitting 1 missing tasks from ShuffleMapStage 5 (MapPartitionsRDD[30] at collect at utils.scala:196) (first 15 tasks are for partitions Vector(0))
18/07/03 13:00:53 INFO TaskSchedulerImpl: Adding task set 5.0 with 1 tasks
18/07/03 13:00:53 INFO TaskSetManager: Starting task 0.0 in stage 5.0 (TID 5, localhost, executor driver, partition 0, PROCESS_LOCAL, 7666 bytes)
18/07/03 13:00:53 INFO Executor: Running task 0.0 in stage 5.0 (TID 5)
18/07/03 13:00:53 INFO BlockManager: Found block rdd_17_0 locally
18/07/03 13:00:53 INFO Executor: Finished task 0.0 in stage 5.0 (TID 5). 1871 bytes result sent to driver
18/07/03 13:00:53 INFO TaskSetManager: Finished task 0.0 in stage 5.0 (TID 5) in 16 ms on localhost (executor driver) (1/1)
18/07/03 13:00:53 INFO TaskSchedulerImpl: Removed TaskSet 5.0, whose tasks have all completed, from pool 
18/07/03 13:00:53 INFO DAGScheduler: ShuffleMapStage 5 (collect at utils.scala:196) finished in 0,027 s
18/07/03 13:00:53 INFO DAGScheduler: looking for newly runnable stages
18/07/03 13:00:53 INFO DAGScheduler: running: Set()
18/07/03 13:00:53 INFO DAGScheduler: waiting: Set(ResultStage 6)
18/07/03 13:00:53 INFO DAGScheduler: failed: Set()
18/07/03 13:00:53 INFO DAGScheduler: Submitting ResultStage 6 (MapPartitionsRDD[33] at collect at utils.scala:196), which has no missing parents
18/07/03 13:00:53 INFO MemoryStore: Block broadcast_6 stored as values in memory (estimated size 7.3 KB, free 366.1 MB)
18/07/03 13:00:53 INFO MemoryStore: Block broadcast_6_piece0 stored as bytes in memory (estimated size 3.8 KB, free 366.1 MB)
18/07/03 13:00:53 INFO BlockManagerInfo: Added broadcast_6_piece0 in memory on localhost:42051 (size: 3.8 KB, free: 366.2 MB)
18/07/03 13:00:53 INFO SparkContext: Created broadcast 6 from broadcast at DAGScheduler.scala:1039
18/07/03 13:00:53 INFO DAGScheduler: Submitting 1 missing tasks from ResultStage 6 (MapPartitionsRDD[33] at collect at utils.scala:196) (first 15 tasks are for partitions Vector(0))
18/07/03 13:00:53 INFO TaskSchedulerImpl: Adding task set 6.0 with 1 tasks
18/07/03 13:00:53 INFO TaskSetManager: Starting task 0.0 in stage 6.0 (TID 6, localhost, executor driver, partition 0, NODE_LOCAL, 7754 bytes)
18/07/03 13:00:53 INFO Executor: Running task 0.0 in stage 6.0 (TID 6)
18/07/03 13:00:53 INFO ShuffleBlockFetcherIterator: Getting 1 non-empty blocks out of 1 blocks
18/07/03 13:00:53 INFO ShuffleBlockFetcherIterator: Started 0 remote fetches in 0 ms
18/07/03 13:00:53 INFO Executor: Finished task 0.0 in stage 6.0 (TID 6). 1782 bytes result sent to driver
18/07/03 13:00:53 INFO TaskSetManager: Finished task 0.0 in stage 6.0 (TID 6) in 6 ms on localhost (executor driver) (1/1)
18/07/03 13:00:53 INFO TaskSchedulerImpl: Removed TaskSet 6.0, whose tasks have all completed, from pool 
18/07/03 13:00:53 INFO DAGScheduler: ResultStage 6 (collect at utils.scala:196) finished in 0,014 s
18/07/03 13:00:53 INFO DAGScheduler: Job 4 finished: collect at utils.scala:196, took 0,047854 s
18/07/03 13:00:53 WARN SparkSession$Builder: Using an existing SparkSession; some configuration may not take effect.
18/07/03 13:00:53 WARN SparkSession$Builder: Using an existing SparkSession; some configuration may not take effect.
18/07/03 13:00:53 WARN SparkSession$Builder: Using an existing SparkSession; some configuration may not take effect.
18/07/03 13:00:53 INFO CodeGenerator: Code generated in 13.349852 ms
18/07/03 13:00:53 INFO CodeGenerator: Code generated in 19.453589 ms
18/07/03 13:00:53 INFO SparkContext: Starting job: collect at utils.scala:196
18/07/03 13:00:53 INFO DAGScheduler: Got job 5 (collect at utils.scala:196) with 1 output partitions
18/07/03 13:00:53 INFO DAGScheduler: Final stage: ResultStage 7 (collect at utils.scala:196)
18/07/03 13:00:53 INFO DAGScheduler: Parents of final stage: List()
18/07/03 13:00:53 INFO DAGScheduler: Missing parents: List()
18/07/03 13:00:53 INFO DAGScheduler: Submitting ResultStage 7 (MapPartitionsRDD[39] at collect at utils.scala:196), which has no missing parents
18/07/03 13:00:53 INFO MemoryStore: Block broadcast_7 stored as values in memory (estimated size 21.6 KB, free 366.1 MB)
18/07/03 13:00:53 INFO MemoryStore: Block broadcast_7_piece0 stored as bytes in memory (estimated size 8.7 KB, free 366.1 MB)
18/07/03 13:00:53 INFO BlockManagerInfo: Added broadcast_7_piece0 in memory on localhost:42051 (size: 8.7 KB, free: 366.2 MB)
18/07/03 13:00:53 INFO SparkContext: Created broadcast 7 from broadcast at DAGScheduler.scala:1039
18/07/03 13:00:53 INFO DAGScheduler: Submitting 1 missing tasks from ResultStage 7 (MapPartitionsRDD[39] at collect at utils.scala:196) (first 15 tasks are for partitions Vector(0))
18/07/03 13:00:53 INFO TaskSchedulerImpl: Adding task set 7.0 with 1 tasks
18/07/03 13:00:53 INFO TaskSetManager: Starting task 0.0 in stage 7.0 (TID 7, localhost, executor driver, partition 0, PROCESS_LOCAL, 7677 bytes)
18/07/03 13:00:53 INFO Executor: Running task 0.0 in stage 7.0 (TID 7)
18/07/03 13:00:53 INFO BlockManager: Found block rdd_17_0 locally
18/07/03 13:00:53 INFO CodeGenerator: Code generated in 23.297735 ms
18/07/03 13:00:53 INFO Executor: 1 block locks were not released by TID = 7:
[rdd_17_0]
18/07/03 13:00:53 INFO Executor: Finished task 0.0 in stage 7.0 (TID 7). 2803 bytes result sent to driver
18/07/03 13:00:53 INFO TaskSetManager: Finished task 0.0 in stage 7.0 (TID 7) in 53 ms on localhost (executor driver) (1/1)
18/07/03 13:00:53 INFO TaskSchedulerImpl: Removed TaskSet 7.0, whose tasks have all completed, from pool 
18/07/03 13:00:53 INFO DAGScheduler: ResultStage 7 (collect at utils.scala:196) finished in 0,062 s
18/07/03 13:00:53 INFO DAGScheduler: Job 5 finished: collect at utils.scala:196, took 0,064660 s
18/07/03 13:00:54 WARN SparkSession$Builder: Using an existing SparkSession; some configuration may not take effect.
18/07/03 13:04:50 INFO SparkContext: Invoking stop() from shutdown hook
18/07/03 13:04:50 INFO SparkUI: Stopped Spark web UI at http://localhost:4040
18/07/03 13:04:50 INFO MapOutputTrackerMasterEndpoint: MapOutputTrackerMasterEndpoint stopped!
18/07/03 13:04:50 INFO MemoryStore: MemoryStore cleared
18/07/03 13:04:50 INFO BlockManager: BlockManager stopped
18/07/03 13:04:50 INFO BlockManagerMaster: BlockManagerMaster stopped
18/07/03 13:04:50 INFO OutputCommitCoordinator$OutputCommitCoordinatorEndpoint: OutputCommitCoordinator stopped!
18/07/03 13:04:50 INFO SparkContext: Successfully stopped SparkContext
18/07/03 13:04:50 INFO ShutdownHookManager: Shutdown hook called
18/07/03 13:04:50 INFO ShutdownHookManager: Deleting directory /tmp/spark-cb5d91e4-97f1-42cf-a122-abd6e2d6cc2c
18/07/03 13:04:50 INFO ShutdownHookManager: Deleting directory /tmp/spark-cab22d38-3299-49a2-a61a-758e2a6b87d0
